#
# There is insufficient memory for the Java Runtime Environment to continue.
# Native memory allocation (mmap) failed to map 67108864 bytes for G1 virtual space
# Possible reasons:
#   The system is out of physical RAM or swap space
#   The process is running with CompressedOops enabled, and the Java Heap may be blocking the growth of the native heap
# Possible solutions:
#   Reduce memory load on the system
#   Increase physical memory or swap space
#   Check if swap backing store is full
#   Decrease Java heap size (-Xmx/-Xms)
#   Decrease number of Java threads
#   Decrease Java thread stack sizes (-Xss)
#   Set larger code cache with -XX:ReservedCodeCacheSize=
#   JVM is running with Unscaled Compressed Oops mode in which the Java heap is
#     placed in the first 4GB address space. The Java Heap base address is the
#     maximum limit for the native heap growth. Please use -XX:HeapBaseMinAddress
#     to set the Java Heap base and to place the Java Heap above 4GB virtual address.
# This output file may be truncated or incomplete.
#
#  Out of Memory Error (os_windows.cpp:3550), pid=24460, tid=9088
#
# JRE version:  (17.0.8+9) (build )
# Java VM: Java HotSpot(TM) 64-Bit Server VM (17.0.8+9-LTS-211, mixed mode, sharing, tiered, compressed oops, compressed class ptrs, g1 gc, windows-amd64)
# No core dump will be written. Minidumps are not enabled by default on client versions of Windows
#

---------------  S U M M A R Y ------------

Command Line: -Xmx64m -Xms64m -Dorg.gradle.appname=gradlew org.gradle.wrapper.GradleWrapperMain tasks

Host: Intel(R) Core(TM) i5-10300H CPU @ 2.50GHz, 8 cores, 7G,  Windows 11 , 64 bit Build 22621 (10.0.22621.2506)
Time: Fri Dec  8 01:34:30 2023 SE Asia Standard Time elapsed time: 0.029508 seconds (0d 0h 0m 0s)

---------------  T H R E A D  ---------------

Current thread (0x000001b3b0f2e500):  JavaThread "Unknown thread" [_thread_in_vm, id=9088, stack(0x0000009600b00000,0x0000009600c00000)]

Stack: [0x0000009600b00000,0x0000009600c00000]
Native frames: (J=compiled Java code, j=interpreted, Vv=VM code, C=native code)
V  [jvm.dll+0x677d0a]
V  [jvm.dll+0x7d8c54]
V  [jvm.dll+0x7da3fe]
V  [jvm.dll+0x7daa63]
V  [jvm.dll+0x245c5f]
V  [jvm.dll+0x674bb9]
V  [jvm.dll+0x6694f2]
V  [jvm.dll+0x3031d6]
V  [jvm.dll+0x30a756]
V  [jvm.dll+0x359f9e]
V  [jvm.dll+0x35a1cf]
V  [jvm.dll+0x2da3e8]
V  [jvm.dll+0x2db354]
V  [jvm.dll+0x7aa711]
V  [jvm.dll+0x367b51]
V  [jvm.dll+0x789979]
V  [jvm.dll+0x3eb05f]
V  [jvm.dll+0x3ecae1]
C  [jli.dll+0x5297]
C  [ucrtbase.dll+0x29363]
C  [KERNEL32.DLL+0x1257d]
C  [ntdll.dll+0x5aa58]


---------------  P R O C E S S  ---------------

Threads class SMR info:
_java_thread_list=0x00007ffa798d59d8, length=0, elements={
}

Java Threads: ( => current thread )

Other Threads:
  0x000001b3b0f4dc20 GCTaskThread "GC Thread#0" [stack: 0x0000009600c00000,0x0000009600d00000] [id=21788]
  0x000001b3b0f4f370 ConcurrentGCThread "G1 Main Marker" [stack: 0x0000009600d00000,0x0000009600e00000] [id=22548]
  0x000001b3b0f4fd80 ConcurrentGCThread "G1 Conc#0" [stack: 0x0000009600e00000,0x0000009600f00000] [id=18964]

[error occurred during error reporting (printing all threads), id 0xc0000005, EXCEPTION_ACCESS_VIOLATION (0xc0000005) at pc=0x00007ffa7910b047]

VM state: not at safepoint (not fully initialized)

VM Mutex/Monitor currently owned by a thread:  ([mutex/lock_event])
[0x000001b3b0f2a9f0] Heap_lock - owner thread: 0x000001b3b0f2e500

Heap address: 0x00000000fc000000, size: 64 MB, Compressed Oops mode: 32-bit

CDS archive(s) mapped at: [0x0000000000000000-0x0000000000000000-0x0000000000000000), size 0, SharedBaseAddress: 0x0000000800000000, ArchiveRelocationMode: 1.
Narrow klass base: 0x0000000000000000, Narrow klass shift: 0, Narrow klass range: 0x0

GC Precious Log:
<Empty>

Heap:
 garbage-first heap   total 0K, used 0K [0x00000000fc000000, 0x0000000100000000)
  region size 1024K, 0 young (0K), 0 survivors (0K)

[error occurred during error reporting (printing heap information), id 0xc0000005, EXCEPTION_ACCESS_VIOLATION (0xc0000005) at pc=0x00007ffa794f1499]

GC Heap History (0 events):
No events

Deoptimization events (0 events):
No events

Classes unloaded (0 events):
No events

Classes redefined (0 events):
No events

Internal exceptions (0 events):
No events

VM Operations (0 events):
No events

Events (1 events):
Event: 0.021 Loaded shared library D:\Java\jdk-17.0.8\bin\java.dll


Dynamic libraries:
0x00007ff7b6330000 - 0x00007ff7b6340000 	D:\Java\jdk-17.0.8\bin\java.exe
0x00007ffad5d10000 - 0x00007ffad5f27000 	C:\Windows\SYSTEM32\ntdll.dll
0x00007ffad5540000 - 0x00007ffad5604000 	C:\Windows\System32\KERNEL32.DLL
0x00007ffad3680000 - 0x00007ffad3a25000 	C:\Windows\System32\KERNELBASE.dll
0x00007ffad3080000 - 0x00007ffad3191000 	C:\Windows\System32\ucrtbase.dll
0x00007ffacb150000 - 0x00007ffacb169000 	D:\Java\jdk-17.0.8\bin\jli.dll
0x00007ffac1dc0000 - 0x00007ffac1ddb000 	D:\Java\jdk-17.0.8\bin\VCRUNTIME140.dll
0x00007ffad3b50000 - 0x00007ffad3c01000 	C:\Windows\System32\ADVAPI32.dll
0x00007ffad5aa0000 - 0x00007ffad5b47000 	C:\Windows\System32\msvcrt.dll
0x00007ffad5b50000 - 0x00007ffad5bf6000 	C:\Windows\System32\sechost.dll
0x00007ffad4290000 - 0x00007ffad43a7000 	C:\Windows\System32\RPCRT4.dll
0x00007ffad50a0000 - 0x00007ffad524e000 	C:\Windows\System32\USER32.dll
0x00007ffad3a30000 - 0x00007ffad3a56000 	C:\Windows\System32\win32u.dll
0x00007ffabb210000 - 0x00007ffabb4a3000 	C:\Windows\WinSxS\amd64_microsoft.windows.common-controls_6595b64144ccf1df_6.0.22621.2506_none_270c5ae97388e100\COMCTL32.dll
0x00007ffad5c80000 - 0x00007ffad5ca9000 	C:\Windows\System32\GDI32.dll
0x00007ffad3400000 - 0x00007ffad3519000 	C:\Windows\System32\gdi32full.dll
0x00007ffad3520000 - 0x00007ffad35ba000 	C:\Windows\System32\msvcp_win.dll
0x00007ffac9e20000 - 0x00007ffac9e2a000 	C:\Windows\SYSTEM32\VERSION.dll
0x00007ffad4740000 - 0x00007ffad4771000 	C:\Windows\System32\IMM32.DLL
0x00007ffacc610000 - 0x00007ffacc61c000 	D:\Java\jdk-17.0.8\bin\vcruntime140_1.dll
0x00007ffab8770000 - 0x00007ffab87fe000 	D:\Java\jdk-17.0.8\bin\msvcp140.dll
0x00007ffa78e20000 - 0x00007ffa799fe000 	D:\Java\jdk-17.0.8\bin\server\jvm.dll
0x00007ffad3cd0000 - 0x00007ffad3cd8000 	C:\Windows\System32\PSAPI.DLL
0x00007ffacb040000 - 0x00007ffacb074000 	C:\Windows\SYSTEM32\WINMM.dll
0x00007ffab2610000 - 0x00007ffab2619000 	C:\Windows\SYSTEM32\WSOCK32.dll
0x00007ffad3ad0000 - 0x00007ffad3b41000 	C:\Windows\System32\WS2_32.dll
0x00007ffad2110000 - 0x00007ffad2128000 	C:\Windows\SYSTEM32\kernel.appcore.dll
0x00007ffacba20000 - 0x00007ffacba2a000 	D:\Java\jdk-17.0.8\bin\jimage.dll
0x00007ffad09b0000 - 0x00007ffad0be3000 	C:\Windows\SYSTEM32\DBGHELP.DLL
0x00007ffad43b0000 - 0x00007ffad4739000 	C:\Windows\System32\combase.dll
0x00007ffad3ce0000 - 0x00007ffad3db7000 	C:\Windows\System32\OLEAUT32.dll
0x00007ffababf0000 - 0x00007ffabac22000 	C:\Windows\SYSTEM32\dbgcore.DLL
0x00007ffad3210000 - 0x00007ffad328a000 	C:\Windows\System32\bcryptPrimitives.dll
0x00007ffac15b0000 - 0x00007ffac15d5000 	D:\Java\jdk-17.0.8\bin\java.dll

dbghelp: loaded successfully - version: 4.0.5 - missing functions: none
symbol engine: initialized successfully - sym options: 0x614 - pdb path: .;D:\Java\jdk-17.0.8\bin;C:\Windows\SYSTEM32;C:\Windows\WinSxS\amd64_microsoft.windows.common-controls_6595b64144ccf1df_6.0.22621.2506_none_270c5ae97388e100;D:\Java\jdk-17.0.8\bin\server

VM Arguments:
jvm_args: -Xmx64m -Xms64m -Dorg.gradle.appname=gradlew 
java_command: org.gradle.wrapper.GradleWrapperMain tasks
java_class_path (initial): E:\ReactNative\trustyBuy_Buyer\android\\gradle\wrapper\gradle-wrapper.jar
Launcher Type: SUN_STANDARD

[Global flags]
     intx CICompilerCount                          = 4                                         {product} {ergonomic}
     uint ConcGCThreads                            = 2                                         {product} {ergonomic}
     uint G1ConcRefinementThreads                  = 8                                         {product} {ergonomic}
   size_t G1HeapRegionSize                         = 1048576                                   {product} {ergonomic}
    uintx GCDrainStackTargetSize                   = 64                                        {product} {ergonomic}
   size_t InitialHeapSize                          = 67108864                                  {product} {command line}
   size_t MarkStackSize                            = 4194304                                   {product} {ergonomic}
   size_t MaxHeapSize                              = 67108864                                  {product} {command line}
   size_t MinHeapDeltaBytes                        = 1048576                                   {product} {ergonomic}
   size_t MinHeapSize                              = 67108864                                  {product} {command line}
    uintx NonNMethodCodeHeapSize                   = 5839372                                {pd product} {ergonomic}
    uintx NonProfiledCodeHeapSize                  = 122909434                              {pd product} {ergonomic}
    uintx ProfiledCodeHeapSize                     = 122909434                              {pd product} {ergonomic}
    uintx ReservedCodeCacheSize                    = 251658240                              {pd product} {ergonomic}
     bool SegmentedCodeCache                       = true                                      {product} {ergonomic}
   size_t SoftMaxHeapSize                          = 67108864                               {manageable} {ergonomic}
     bool UseCompressedClassPointers               = true                           {product lp64_product} {ergonomic}
     bool UseCompressedOops                        = true                           {product lp64_product} {ergonomic}
     bool UseG1GC                                  = true                                      {product} {ergonomic}
     bool UseLargePagesIndividualAllocation        = false                                  {pd product} {ergonomic}

Logging:
Log output configuration:
 #0: stdout all=warning uptime,level,tags
 #1: stderr all=off uptime,level,tags

Environment Variables:
JAVA_HOME=D:\Java\jdk-17.0.8
CLASSPATH=E:\ReactNative\trustyBuy_Buyer\android\\gradle\wrapper\gradle-wrapper.jar
PATH=E:\ReactNative\trustyBuy_Buyer\node_modules\.bin;E:\ReactNative\trustyBuy_Buyer\node_modules\.bin;E:\ReactNative\node_modules\.bin;E:\node_modules\.bin;C:\Users\xuanu\AppData\Roaming\npm\node_modules\npm\node_modules\@npmcli\run-script\lib\node-gyp-bin;E:\ReactNative\trustyBuy_Buyer\node_modules\.bin;E:\ReactNative\node_modules\.bin;E:\node_modules\.bin;C:\Users\xuanu\AppData\Roaming\npm\node_modules\npm\node_modules\@npmcli\run-script\lib\node-gyp-bin;C:\Windows\system32;C:\Windows;C:\Windows\System32\Wbem;C:\Windows\System32\WindowsPowerShell\v1.0\;D:\NodeJs\;D:\Git\cmd;D:\Java\jdk-17.0.8\bin;C:\Users\xuanu\AppData\Local\Microsoft\WindowsApps;C:\Users\xuanu\AppData\Roaming\npm;C:\Users\xuanu\AppData\Local\Programs\Microsoft VS Code\bin;D:\Flutter\bin;
USERNAME=xuanu
LANG=en_US.UTF-8
OS=Windows_NT
PROCESSOR_IDENTIFIER=Intel64 Family 6 Model 165 Stepping 2, GenuineIntel



---------------  S Y S T E M  ---------------

OS:
 Windows 11 , 64 bit Build 22621 (10.0.22621.2506)
OS uptime: 2 days 4:33 hours

CPU: total 8 (initial active 8) (4 cores per cpu, 2 threads per core) family 6 model 165 stepping 2 microcode 0xe0, cx8, cmov, fxsr, ht, mmx, 3dnowpref, sse, sse2, sse3, ssse3, sse4.1, sse4.2, popcnt, lzcnt, tsc, tscinvbit, avx, avx2, aes, erms, clmul, bmi1, bmi2, adx, fma, vzeroupper, clflush, clflushopt

Memory: 4k page, system-wide physical 8029M (130M free)
TotalPageFile size 29903M (AvailPageFile size 25M)
current process WorkingSet (physical memory assigned to process): 11M, peak: 11M
current process commit charge ("private bytes"): 59M, peak: 123M

vm_info: Java HotSpot(TM) 64-Bit Server VM (17.0.8+9-LTS-211) for windows-amd64 JRE (17.0.8+9-LTS-211), built on Jun 14 2023 10:34:31 by "mach5one" with MS VC++ 17.1 (VS2022)

END.
